1547731228671:l
1547733820739:help
1547733840924:shellgetinfo 12324
1547733854042:stacktrace
1547734097463:help
1547734104578:shellgetinfo 12324
1547734237699:help
1547734242744:shellgetinfo Connection prematurely closed DURING response
1547734270024:shellgetinfo 12324
1547734277992:stacktrace
1547739589964:help
1547739596783:shellgetinfo 22512
1547739741106:help
1547739744981:shellgetinfo
1547739750511:shellgetinfo 55126
1547740279465:help
1547740283673:shellgetinfo 651242
1547753565460:help
1547753570952:shellgetinfo 463939057
1547753903882:getinfo 463939057
1547754413292:help
1547754421847:getregisterd
1547899959074:exit
1547902167451:help
1547902172257:getinfo 463939057
1547902177616:help
1547902188719:force_download 463939057
1547906720278:help
1547906736276:force_download 463939057 @ace
1547906906156:help
1547906917733:force_download 463939057 @ace
1547907060468:force_update 463939057 @ace
1547907071230:force_download 463939057 @ace
1547907305170:force_download 463939057 @ce
1547907440740:f
1547907446683:force_download 463939057 @ace
1547909063424:help
1547909093751:addsource 463939057 @ace
1547909104481:getsources
1547909151777:help
1547909159730:removesource @ace
1547909166189:removesource 463939057
1547909178328:getsources
1547909272553:force_download 463939057 @ace
1547909496707:exit
1547909596638:force_download 463939057 @ace
1547909702664:exit
1547909856852:getsources
1547909873982:force_download 463939057 @ace
1547909893682:exit
1547909966101:force_download 463939057 @ace
1547910015429:exit
